<?xml version="1.0" encoding="UTF-8"?>
<!-- Generated by org.testng.reporters.JUnitReportReporter -->
<testsuite hostname="MobilityCoes-iMac.local" name="com.dev.build.BuildDev" tests="1" failures="0" timestamp="12 Sep 2019 07:26:54 GMT" time="0.010" errors="0">
  <testcase name="devBuild" time="0.010" classname="com.dev.build.BuildDev"/>
</testsuite> <!-- com.dev.build.BuildDev -->
